<?xml version="1.0" encoding="UTF-8"?>
<testsuite xmlns:xsi="http://www.w3.org/2001/XMLSchema-instance" xsi:noNamespaceSchemaLocation="https://maven.apache.org/surefire/maven-surefire-plugin/xsd/surefire-test-report-3.0.xsd" version="3.0" name="crux.CompilerStageTests" time="3.176" tests="50" errors="47" skipped="0" failures="1">
  <properties>
    <property name="java.specification.version" value="17"/>
    <property name="sun.jnu.encoding" value="UTF-8"/>
    <property name="java.class.path" value="/home/nrcorrea/crux/target/test-classes:/home/nrcorrea/crux/target/classes:/home/nrcorrea/.m2/repository/org/antlr/antlr4-runtime/4.7.2/antlr4-runtime-4.7.2.jar:/home/nrcorrea/.m2/repository/org/junit/jupiter/junit-jupiter-api/5.5.2/junit-jupiter-api-5.5.2.jar:/home/nrcorrea/.m2/repository/org/apiguardian/apiguardian-api/1.1.0/apiguardian-api-1.1.0.jar:/home/nrcorrea/.m2/repository/org/opentest4j/opentest4j/1.2.0/opentest4j-1.2.0.jar:/home/nrcorrea/.m2/repository/org/junit/platform/junit-platform-commons/1.5.2/junit-platform-commons-1.5.2.jar:/home/nrcorrea/.m2/repository/org/junit/jupiter/junit-jupiter-engine/5.5.2/junit-jupiter-engine-5.5.2.jar:/home/nrcorrea/.m2/repository/org/junit/platform/junit-platform-engine/1.5.2/junit-platform-engine-1.5.2.jar:"/>
    <property name="java.vm.vendor" value="Oracle Corporation"/>
    <property name="sun.arch.data.model" value="64"/>
    <property name="java.vendor.url" value="https://java.oracle.com/"/>
    <property name="os.name" value="Linux"/>
    <property name="java.vm.specification.version" value="17"/>
    <property name="sun.java.launcher" value="SUN_STANDARD"/>
    <property name="user.country" value="US"/>
    <property name="sun.boot.library.path" value="/pkg/openjdk/17.0.2/lib"/>
    <property name="sun.java.command" value="/home/nrcorrea/crux/target/surefire/surefirebooter14602868812602086803.jar /home/nrcorrea/crux/target/surefire 2023-06-20T02-45-29_076-jvmRun1 surefire6163335519104292236tmp surefire_017564136517226760870tmp"/>
    <property name="jdk.debug" value="release"/>
    <property name="surefire.test.class.path" value="/home/nrcorrea/crux/target/test-classes:/home/nrcorrea/crux/target/classes:/home/nrcorrea/.m2/repository/org/antlr/antlr4-runtime/4.7.2/antlr4-runtime-4.7.2.jar:/home/nrcorrea/.m2/repository/org/junit/jupiter/junit-jupiter-api/5.5.2/junit-jupiter-api-5.5.2.jar:/home/nrcorrea/.m2/repository/org/apiguardian/apiguardian-api/1.1.0/apiguardian-api-1.1.0.jar:/home/nrcorrea/.m2/repository/org/opentest4j/opentest4j/1.2.0/opentest4j-1.2.0.jar:/home/nrcorrea/.m2/repository/org/junit/platform/junit-platform-commons/1.5.2/junit-platform-commons-1.5.2.jar:/home/nrcorrea/.m2/repository/org/junit/jupiter/junit-jupiter-engine/5.5.2/junit-jupiter-engine-5.5.2.jar:/home/nrcorrea/.m2/repository/org/junit/platform/junit-platform-engine/1.5.2/junit-platform-engine-1.5.2.jar:"/>
    <property name="sun.cpu.endian" value="little"/>
    <property name="user.home" value="/home/nrcorrea"/>
    <property name="user.language" value="en"/>
    <property name="java.specification.vendor" value="Oracle Corporation"/>
    <property name="java.version.date" value="2022-01-18"/>
    <property name="java.home" value="/pkg/openjdk/17.0.2"/>
    <property name="file.separator" value="/"/>
    <property name="basedir" value="/home/nrcorrea/crux"/>
    <property name="java.vm.compressedOopsMode" value="Zero based"/>
    <property name="line.separator" value="&#10;"/>
    <property name="java.vm.specification.vendor" value="Oracle Corporation"/>
    <property name="java.specification.name" value="Java Platform API Specification"/>
    <property name="surefire.real.class.path" value="/home/nrcorrea/crux/target/surefire/surefirebooter14602868812602086803.jar"/>
    <property name="sun.management.compiler" value="HotSpot 64-Bit Tiered Compilers"/>
    <property name="java.runtime.version" value="17.0.2+8-86"/>
    <property name="user.name" value="nrcorrea"/>
    <property name="path.separator" value=":"/>
    <property name="os.version" value="5.15.0-69-generic"/>
    <property name="java.runtime.name" value="OpenJDK Runtime Environment"/>
    <property name="file.encoding" value="UTF-8"/>
    <property name="java.vm.name" value="OpenJDK 64-Bit Server VM"/>
    <property name="localRepository" value="/home/nrcorrea/.m2/repository"/>
    <property name="java.vendor.url.bug" value="https://bugreport.java.com/bugreport/"/>
    <property name="java.io.tmpdir" value="/tmp"/>
    <property name="java.version" value="17.0.2"/>
    <property name="user.dir" value="/home/nrcorrea/crux"/>
    <property name="os.arch" value="amd64"/>
    <property name="java.vm.specification.name" value="Java Virtual Machine Specification"/>
    <property name="native.encoding" value="UTF-8"/>
    <property name="java.library.path" value="/pkg/openjdk/17.0.2/lib:/pkg/swi-prolog/7.6.0/lib/swipl-7.6.0-rc1/lib/x86_64-linux:/pkg/maven/3.6.3/lib:/usr/java/packages/lib:/usr/lib64:/lib64:/lib:/usr/lib"/>
    <property name="java.vm.info" value="mixed mode, sharing"/>
    <property name="java.vendor" value="Oracle Corporation"/>
    <property name="java.vm.version" value="17.0.2+8-86"/>
    <property name="sun.io.unicode.encoding" value="UnicodeLittle"/>
    <property name="java.class.version" value="61.0"/>
  </properties>
  <testcase name="codegen" classname="crux.CompilerStageTests" time="0.12"/>
  <testcase name="codegen" classname="crux.CompilerStageTests" time="0.072">
    <error type="java.util.concurrent.ExecutionException"><![CDATA[java.util.concurrent.ExecutionException: java.lang.Error: Assembling and linking failed
	at crux.CompilerStageTests.lambda$codegen$9(CompilerStageTests.java:290)
Caused by: java.lang.Error: Assembling and linking failed
]]></error>
  </testcase>
  <testcase name="codegen" classname="crux.CompilerStageTests" time="0.049">
    <error type="java.util.concurrent.ExecutionException"><![CDATA[java.util.concurrent.ExecutionException: java.lang.Error: Assembling and linking failed
	at crux.CompilerStageTests.lambda$codegen$9(CompilerStageTests.java:290)
Caused by: java.lang.Error: Assembling and linking failed
]]></error>
  </testcase>
  <testcase name="codegen" classname="crux.CompilerStageTests" time="0.054">
    <error type="java.util.concurrent.ExecutionException"><![CDATA[java.util.concurrent.ExecutionException: java.lang.Error: Assembling and linking failed
	at crux.CompilerStageTests.lambda$codegen$9(CompilerStageTests.java:290)
Caused by: java.lang.Error: Assembling and linking failed
]]></error>
  </testcase>
  <testcase name="codegen" classname="crux.CompilerStageTests" time="0.081"/>
  <testcase name="codegen" classname="crux.CompilerStageTests" time="0.063">
    <error type="java.util.concurrent.ExecutionException"><![CDATA[java.util.concurrent.ExecutionException: java.lang.Error: Assembling and linking failed
	at crux.CompilerStageTests.lambda$codegen$9(CompilerStageTests.java:290)
Caused by: java.lang.Error: Assembling and linking failed
]]></error>
  </testcase>
  <testcase name="codegen" classname="crux.CompilerStageTests" time="0.048">
    <error type="java.util.concurrent.ExecutionException"><![CDATA[java.util.concurrent.ExecutionException: java.lang.Error: Assembling and linking failed
	at crux.CompilerStageTests.lambda$codegen$9(CompilerStageTests.java:290)
Caused by: java.lang.Error: Assembling and linking failed
]]></error>
  </testcase>
  <testcase name="codegen" classname="crux.CompilerStageTests" time="0.051">
    <error type="java.util.concurrent.ExecutionException"><![CDATA[java.util.concurrent.ExecutionException: java.lang.Error: Assembling and linking failed
	at crux.CompilerStageTests.lambda$codegen$9(CompilerStageTests.java:290)
Caused by: java.lang.Error: Assembling and linking failed
]]></error>
  </testcase>
  <testcase name="codegen" classname="crux.CompilerStageTests" time="0.051">
    <error type="java.util.concurrent.ExecutionException"><![CDATA[java.util.concurrent.ExecutionException: java.lang.Error: Assembling and linking failed
	at crux.CompilerStageTests.lambda$codegen$9(CompilerStageTests.java:290)
Caused by: java.lang.Error: Assembling and linking failed
]]></error>
  </testcase>
  <testcase name="codegen" classname="crux.CompilerStageTests" time="0.057">
    <error type="java.util.concurrent.ExecutionException"><![CDATA[java.util.concurrent.ExecutionException: java.lang.Error: Assembling and linking failed
	at crux.CompilerStageTests.lambda$codegen$9(CompilerStageTests.java:290)
Caused by: java.lang.Error: Assembling and linking failed
]]></error>
  </testcase>
  <testcase name="codegen" classname="crux.CompilerStageTests" time="0.049">
    <error type="java.util.concurrent.ExecutionException"><![CDATA[java.util.concurrent.ExecutionException: java.lang.Error: Assembling and linking failed
	at crux.CompilerStageTests.lambda$codegen$9(CompilerStageTests.java:290)
Caused by: java.lang.Error: Assembling and linking failed
]]></error>
  </testcase>
  <testcase name="codegen" classname="crux.CompilerStageTests" time="0.047">
    <error type="java.util.concurrent.ExecutionException"><![CDATA[java.util.concurrent.ExecutionException: java.lang.Error: Assembling and linking failed
	at crux.CompilerStageTests.lambda$codegen$9(CompilerStageTests.java:290)
Caused by: java.lang.Error: Assembling and linking failed
]]></error>
  </testcase>
  <testcase name="codegen" classname="crux.CompilerStageTests" time="0.086">
    <failure type="org.opentest4j.AssertionFailedError"><![CDATA[org.opentest4j.AssertionFailedError: CodeGen for program crux/stages/codegen/test13.crx differs from expected output. ==> expected: <int?7> but was: <int?0>
	at crux.CompilerStageTests.lambda$codegen$9(CompilerStageTests.java:297)
]]></failure>
  </testcase>
  <testcase name="codegen" classname="crux.CompilerStageTests" time="0.056">
    <error type="java.util.concurrent.ExecutionException"><![CDATA[java.util.concurrent.ExecutionException: java.lang.Error: Assembling and linking failed
	at crux.CompilerStageTests.lambda$codegen$9(CompilerStageTests.java:290)
Caused by: java.lang.Error: Assembling and linking failed
]]></error>
  </testcase>
  <testcase name="codegen" classname="crux.CompilerStageTests" time="0.04">
    <error type="java.util.concurrent.ExecutionException"><![CDATA[java.util.concurrent.ExecutionException: java.lang.Error: Assembling and linking failed
	at crux.CompilerStageTests.lambda$codegen$9(CompilerStageTests.java:290)
Caused by: java.lang.Error: Assembling and linking failed
]]></error>
  </testcase>
  <testcase name="codegen" classname="crux.CompilerStageTests" time="0.055">
    <error type="java.util.concurrent.ExecutionException"><![CDATA[java.util.concurrent.ExecutionException: java.lang.Error: Assembling and linking failed
	at crux.CompilerStageTests.lambda$codegen$9(CompilerStageTests.java:290)
Caused by: java.lang.Error: Assembling and linking failed
]]></error>
  </testcase>
  <testcase name="codegen" classname="crux.CompilerStageTests" time="0.074">
    <error type="java.util.concurrent.ExecutionException"><![CDATA[java.util.concurrent.ExecutionException: java.lang.Error: Assembling and linking failed
	at crux.CompilerStageTests.lambda$codegen$9(CompilerStageTests.java:290)
Caused by: java.lang.Error: Assembling and linking failed
]]></error>
  </testcase>
  <testcase name="codegen" classname="crux.CompilerStageTests" time="0.041">
    <error type="java.util.concurrent.ExecutionException"><![CDATA[java.util.concurrent.ExecutionException: java.lang.Error: Assembling and linking failed
	at crux.CompilerStageTests.lambda$codegen$9(CompilerStageTests.java:290)
Caused by: java.lang.Error: Assembling and linking failed
]]></error>
  </testcase>
  <testcase name="codegen" classname="crux.CompilerStageTests" time="0.052">
    <error type="java.util.concurrent.ExecutionException"><![CDATA[java.util.concurrent.ExecutionException: java.lang.Error: Assembling and linking failed
	at crux.CompilerStageTests.lambda$codegen$9(CompilerStageTests.java:290)
Caused by: java.lang.Error: Assembling and linking failed
]]></error>
  </testcase>
  <testcase name="codegen" classname="crux.CompilerStageTests" time="0.048">
    <error type="java.util.concurrent.ExecutionException"><![CDATA[java.util.concurrent.ExecutionException: java.lang.Error: Assembling and linking failed
	at crux.CompilerStageTests.lambda$codegen$9(CompilerStageTests.java:290)
Caused by: java.lang.Error: Assembling and linking failed
]]></error>
  </testcase>
  <testcase name="codegen" classname="crux.CompilerStageTests" time="0.043">
    <error type="java.util.concurrent.ExecutionException"><![CDATA[java.util.concurrent.ExecutionException: java.lang.Error: Assembling and linking failed
	at crux.CompilerStageTests.lambda$codegen$9(CompilerStageTests.java:290)
Caused by: java.lang.Error: Assembling and linking failed
]]></error>
  </testcase>
  <testcase name="codegen" classname="crux.CompilerStageTests" time="0.057">
    <error type="java.util.concurrent.ExecutionException"><![CDATA[java.util.concurrent.ExecutionException: java.lang.Error: Assembling and linking failed
	at crux.CompilerStageTests.lambda$codegen$9(CompilerStageTests.java:290)
Caused by: java.lang.Error: Assembling and linking failed
]]></error>
  </testcase>
  <testcase name="codegen" classname="crux.CompilerStageTests" time="0.06">
    <error type="java.util.concurrent.ExecutionException"><![CDATA[java.util.concurrent.ExecutionException: java.lang.Error: Assembling and linking failed
	at crux.CompilerStageTests.lambda$codegen$9(CompilerStageTests.java:290)
Caused by: java.lang.Error: Assembling and linking failed
]]></error>
  </testcase>
  <testcase name="codegen" classname="crux.CompilerStageTests" time="0.053">
    <error type="java.util.concurrent.ExecutionException"><![CDATA[java.util.concurrent.ExecutionException: java.lang.Error: Assembling and linking failed
	at crux.CompilerStageTests.lambda$codegen$9(CompilerStageTests.java:290)
Caused by: java.lang.Error: Assembling and linking failed
]]></error>
  </testcase>
  <testcase name="codegen" classname="crux.CompilerStageTests" time="0.044">
    <error type="java.util.concurrent.ExecutionException"><![CDATA[java.util.concurrent.ExecutionException: java.lang.Error: Assembling and linking failed
	at crux.CompilerStageTests.lambda$codegen$9(CompilerStageTests.java:290)
Caused by: java.lang.Error: Assembling and linking failed
]]></error>
  </testcase>
  <testcase name="codegen" classname="crux.CompilerStageTests" time="0.045">
    <error type="java.util.concurrent.ExecutionException"><![CDATA[java.util.concurrent.ExecutionException: java.lang.Error: Assembling and linking failed
	at crux.CompilerStageTests.lambda$codegen$9(CompilerStageTests.java:290)
Caused by: java.lang.Error: Assembling and linking failed
]]></error>
  </testcase>
  <testcase name="codegen" classname="crux.CompilerStageTests" time="0.05">
    <error type="java.util.concurrent.ExecutionException"><![CDATA[java.util.concurrent.ExecutionException: java.lang.Error: Assembling and linking failed
	at crux.CompilerStageTests.lambda$codegen$9(CompilerStageTests.java:290)
Caused by: java.lang.Error: Assembling and linking failed
]]></error>
  </testcase>
  <testcase name="codegen" classname="crux.CompilerStageTests" time="0.057">
    <error type="java.util.concurrent.ExecutionException"><![CDATA[java.util.concurrent.ExecutionException: java.lang.Error: Assembling and linking failed
	at crux.CompilerStageTests.lambda$codegen$9(CompilerStageTests.java:290)
Caused by: java.lang.Error: Assembling and linking failed
]]></error>
  </testcase>
  <testcase name="codegen" classname="crux.CompilerStageTests" time="0.073">
    <error type="java.util.concurrent.ExecutionException"><![CDATA[java.util.concurrent.ExecutionException: java.lang.Error: Assembling and linking failed
	at crux.CompilerStageTests.lambda$codegen$9(CompilerStageTests.java:290)
Caused by: java.lang.Error: Assembling and linking failed
]]></error>
  </testcase>
  <testcase name="codegen" classname="crux.CompilerStageTests" time="0.101">
    <error type="java.util.concurrent.ExecutionException"><![CDATA[java.util.concurrent.ExecutionException: java.lang.Error: Assembling and linking failed
	at crux.CompilerStageTests.lambda$codegen$9(CompilerStageTests.java:290)
Caused by: java.lang.Error: Assembling and linking failed
]]></error>
  </testcase>
  <testcase name="codegen" classname="crux.CompilerStageTests" time="0.082">
    <error type="java.util.concurrent.ExecutionException"><![CDATA[java.util.concurrent.ExecutionException: java.lang.Error: Assembling and linking failed
	at crux.CompilerStageTests.lambda$codegen$9(CompilerStageTests.java:290)
Caused by: java.lang.Error: Assembling and linking failed
]]></error>
  </testcase>
  <testcase name="codegen" classname="crux.CompilerStageTests" time="0.066">
    <error type="java.util.concurrent.ExecutionException"><![CDATA[java.util.concurrent.ExecutionException: java.lang.Error: Assembling and linking failed
	at crux.CompilerStageTests.lambda$codegen$9(CompilerStageTests.java:290)
Caused by: java.lang.Error: Assembling and linking failed
]]></error>
  </testcase>
  <testcase name="codegen" classname="crux.CompilerStageTests" time="0.056">
    <error type="java.util.concurrent.ExecutionException"><![CDATA[java.util.concurrent.ExecutionException: java.lang.Error: Assembling and linking failed
	at crux.CompilerStageTests.lambda$codegen$9(CompilerStageTests.java:290)
Caused by: java.lang.Error: Assembling and linking failed
]]></error>
  </testcase>
  <testcase name="codegen" classname="crux.CompilerStageTests" time="0.111">
    <error type="java.util.concurrent.ExecutionException"><![CDATA[java.util.concurrent.ExecutionException: java.lang.Error: Assembling and linking failed
	at crux.CompilerStageTests.lambda$codegen$9(CompilerStageTests.java:290)
Caused by: java.lang.Error: Assembling and linking failed
]]></error>
  </testcase>
  <testcase name="codegen" classname="crux.CompilerStageTests" time="0.077">
    <error type="java.util.concurrent.ExecutionException"><![CDATA[java.util.concurrent.ExecutionException: java.lang.Error: Assembling and linking failed
	at crux.CompilerStageTests.lambda$codegen$9(CompilerStageTests.java:290)
Caused by: java.lang.Error: Assembling and linking failed
]]></error>
  </testcase>
  <testcase name="codegen" classname="crux.CompilerStageTests" time="0.04">
    <error type="java.util.concurrent.ExecutionException"><![CDATA[java.util.concurrent.ExecutionException: java.lang.Error: Assembling and linking failed
	at crux.CompilerStageTests.lambda$codegen$9(CompilerStageTests.java:290)
Caused by: java.lang.Error: Assembling and linking failed
]]></error>
  </testcase>
  <testcase name="codegen" classname="crux.CompilerStageTests" time="0.112">
    <error type="java.util.concurrent.ExecutionException"><![CDATA[java.util.concurrent.ExecutionException: java.lang.Error: Assembling and linking failed
	at crux.CompilerStageTests.lambda$codegen$9(CompilerStageTests.java:290)
Caused by: java.lang.Error: Assembling and linking failed
]]></error>
  </testcase>
  <testcase name="codegen" classname="crux.CompilerStageTests" time="0.048">
    <error type="java.util.concurrent.ExecutionException"><![CDATA[java.util.concurrent.ExecutionException: java.lang.Error: Assembling and linking failed
	at crux.CompilerStageTests.lambda$codegen$9(CompilerStageTests.java:290)
Caused by: java.lang.Error: Assembling and linking failed
]]></error>
  </testcase>
  <testcase name="codegen" classname="crux.CompilerStageTests" time="0.065">
    <error type="java.util.concurrent.ExecutionException"><![CDATA[java.util.concurrent.ExecutionException: java.lang.Error: Assembling and linking failed
	at crux.CompilerStageTests.lambda$codegen$9(CompilerStageTests.java:290)
Caused by: java.lang.Error: Assembling and linking failed
]]></error>
  </testcase>
  <testcase name="codegen" classname="crux.CompilerStageTests" time="0.075">
    <error type="java.util.concurrent.ExecutionException"><![CDATA[java.util.concurrent.ExecutionException: java.lang.Error: Assembling and linking failed
	at crux.CompilerStageTests.lambda$codegen$9(CompilerStageTests.java:290)
Caused by: java.lang.Error: Assembling and linking failed
]]></error>
  </testcase>
  <testcase name="codegen" classname="crux.CompilerStageTests" time="0.059">
    <error type="java.util.concurrent.ExecutionException"><![CDATA[java.util.concurrent.ExecutionException: java.lang.Error: Assembling and linking failed
	at crux.CompilerStageTests.lambda$codegen$9(CompilerStageTests.java:290)
Caused by: java.lang.Error: Assembling and linking failed
]]></error>
  </testcase>
  <testcase name="codegen" classname="crux.CompilerStageTests" time="0.086">
    <error type="java.util.concurrent.ExecutionException"><![CDATA[java.util.concurrent.ExecutionException: java.lang.Error: Assembling and linking failed
	at crux.CompilerStageTests.lambda$codegen$9(CompilerStageTests.java:290)
Caused by: java.lang.Error: Assembling and linking failed
]]></error>
  </testcase>
  <testcase name="codegen" classname="crux.CompilerStageTests" time="0.044">
    <error type="java.util.concurrent.ExecutionException"><![CDATA[java.util.concurrent.ExecutionException: java.lang.Error: Assembling and linking failed
	at crux.CompilerStageTests.lambda$codegen$9(CompilerStageTests.java:290)
Caused by: java.lang.Error: Assembling and linking failed
]]></error>
  </testcase>
  <testcase name="codegen" classname="crux.CompilerStageTests" time="0.041">
    <error type="java.util.concurrent.ExecutionException"><![CDATA[java.util.concurrent.ExecutionException: java.lang.Error: Assembling and linking failed
	at crux.CompilerStageTests.lambda$codegen$9(CompilerStageTests.java:290)
Caused by: java.lang.Error: Assembling and linking failed
]]></error>
  </testcase>
  <testcase name="codegen" classname="crux.CompilerStageTests" time="0.086">
    <error type="java.util.concurrent.ExecutionException"><![CDATA[java.util.concurrent.ExecutionException: java.lang.Error: Assembling and linking failed
	at crux.CompilerStageTests.lambda$codegen$9(CompilerStageTests.java:290)
Caused by: java.lang.Error: Assembling and linking failed
]]></error>
  </testcase>
  <testcase name="codegen" classname="crux.CompilerStageTests" time="0.047">
    <error type="java.util.concurrent.ExecutionException"><![CDATA[java.util.concurrent.ExecutionException: java.lang.Error: Assembling and linking failed
	at crux.CompilerStageTests.lambda$codegen$9(CompilerStageTests.java:290)
Caused by: java.lang.Error: Assembling and linking failed
]]></error>
  </testcase>
  <testcase name="codegen" classname="crux.CompilerStageTests" time="0.042">
    <error type="java.util.concurrent.ExecutionException"><![CDATA[java.util.concurrent.ExecutionException: java.lang.Error: Assembling and linking failed
	at crux.CompilerStageTests.lambda$codegen$9(CompilerStageTests.java:290)
Caused by: java.lang.Error: Assembling and linking failed
]]></error>
  </testcase>
  <testcase name="codegen" classname="crux.CompilerStageTests" time="0.042">
    <error type="java.util.concurrent.ExecutionException"><![CDATA[java.util.concurrent.ExecutionException: java.lang.Error: Assembling and linking failed
	at crux.CompilerStageTests.lambda$codegen$9(CompilerStageTests.java:290)
Caused by: java.lang.Error: Assembling and linking failed
]]></error>
  </testcase>
  <testcase name="codegen" classname="crux.CompilerStageTests" time="0.045">
    <error type="java.util.concurrent.ExecutionException"><![CDATA[java.util.concurrent.ExecutionException: java.lang.Error: Assembling and linking failed
	at crux.CompilerStageTests.lambda$codegen$9(CompilerStageTests.java:290)
Caused by: java.lang.Error: Assembling and linking failed
]]></error>
  </testcase>
  <testcase name="codegen" classname="crux.CompilerStageTests" time="0.05">
    <error type="java.util.concurrent.ExecutionException"><![CDATA[java.util.concurrent.ExecutionException: java.lang.Error: Assembling and linking failed
	at crux.CompilerStageTests.lambda$codegen$9(CompilerStageTests.java:290)
Caused by: java.lang.Error: Assembling and linking failed
]]></error>
  </testcase>
</testsuite>